#
# There is insufficient memory for the Java Runtime Environment to continue.
# Native memory allocation (malloc) failed to allocate 468352 bytes for Chunk::new
# Possible reasons:
#   The system is out of physical RAM or swap space
#   The process is running with CompressedOops enabled, and the Java Heap may be blocking the growth of the native heap
# Possible solutions:
#   Reduce memory load on the system
#   Increase physical memory or swap space
#   Check if swap backing store is full
#   Decrease Java heap size (-Xmx/-Xms)
#   Decrease number of Java threads
#   Decrease Java thread stack sizes (-Xss)
#   Set larger code cache with -XX:ReservedCodeCacheSize=
#   JVM is running with Unscaled Compressed Oops mode in which the Java heap is
#     placed in the first 4GB address space. The Java Heap base address is the
#     maximum limit for the native heap growth. Please use -XX:HeapBaseMinAddress
#     to set the Java Heap base and to place the Java Heap above 4GB virtual address.
# This output file may be truncated or incomplete.
#
#  Out of Memory Error (arena.cpp:184), pid=23220, tid=10416
#
# JRE version: Java(TM) SE Runtime Environment (20.0.1+9) (build 20.0.1+9-29)
# Java VM: Java HotSpot(TM) 64-Bit Server VM (20.0.1+9-29, mixed mode, sharing, tiered, compressed oops, compressed class ptrs, g1 gc, windows-amd64)
# No core dump will be written. Minidumps are not enabled by default on client versions of Windows
#

---------------  S U M M A R Y ------------

Command Line: -javaagent:C:\Program Files\JetBrains\IntelliJ IDEA Community Edition 2023.1.3\lib\idea_rt.jar=57527:C:\Program Files\JetBrains\IntelliJ IDEA Community Edition 2023.1.3\bin -Dfile.encoding=UTF-8 -Dsun.stdout.encoding=UTF-8 -Dsun.stderr.encoding=UTF-8 com.TaskManager.TaskManager.TaskManagerApplication

Host: 11th Gen Intel(R) Core(TM) i5-1135G7 @ 2.40GHz, 8 cores, 7G,  Windows 11 , 64 bit Build 22621 (10.0.22621.1635)
Time: Fri Jun 30 18:54:24 2023 India Standard Time elapsed time: 3288.067544 seconds (0d 0h 54m 48s)

---------------  T H R E A D  ---------------

Current thread (0x00000242217e3830):  JavaThread "C2 CompilerThread0" daemon [_thread_in_native, id=10416, stack(0x000000e549600000,0x000000e549700000)]


Current CompileTask:
C2:3288067 13358       4       org.springframework.data.repository.core.support.RepositoryMethodInvoker$RepositoryFragmentMethodInvoker::lambda$new$0 (42 bytes)

Stack: [0x000000e549600000,0x000000e549700000]
Native frames: (J=compiled Java code, j=interpreted, Vv=VM code, C=native code)
V  [jvm.dll+0x6bb95a]
V  [jvm.dll+0x8485fa]
V  [jvm.dll+0x84a1f5]
V  [jvm.dll+0x84a8f3]
V  [jvm.dll+0x280b0f]
V  [jvm.dll+0xc2b11]
V  [jvm.dll+0xc2e35]
V  [jvm.dll+0x3bb17c]
V  [jvm.dll+0x3857f5]
V  [jvm.dll+0x384c6a]
V  [jvm.dll+0x24b259]
V  [jvm.dll+0x24a651]
V  [jvm.dll+0x1ce491]
V  [jvm.dll+0x259e1b]
V  [jvm.dll+0x2584f0]
V  [jvm.dll+0x3f2895]
V  [jvm.dll+0x7f4b56]
V  [jvm.dll+0x6ba5cb]
C  [ucrtbase.dll+0x29363]
C  [KERNEL32.DLL+0x126ad]
C  [ntdll.dll+0x5a9f8]


---------------  P R O C E S S  ---------------

Threads class SMR info:
_java_thread_list=0x000002422bd4e000, length=41, elements={
0x00000242217cd2a0, 0x00000242217cfbf0, 0x00000242217d1fd0, 0x00000242217d2a00,
0x00000242217d3430, 0x00000242217d5fa0, 0x00000242217e3830, 0x00000242217d8c90,
0x0000024225cf2d00, 0x0000024225f7c6f0, 0x0000024225f400e0, 0x0000024227de4030,
0x0000024227261010, 0x000002422815a450, 0x0000024228159460, 0x0000024228157f20,
0x00000242281599b0, 0x0000024228158470, 0x000002422815a9a0, 0x00000242281579d0,
0x00000242281589c0, 0x0000024228158f10, 0x000002422a713020, 0x000002422a712580,
0x000002422a70eb10, 0x000002422a70e070, 0x000002422a714560, 0x000002422a714010,
0x000002422a712ad0, 0x000002422a70fb00, 0x000002422a711040, 0x000002422a70f060,
0x000002422a70e5c0, 0x000002422a713570, 0x000002422a714ab0, 0x000002422a710050,
0x000002422a710af0, 0x000002422a715aa0, 0x000002422a713ac0, 0x000002422a711590,
0x00000242277d00d0
}

Java Threads: ( => current thread )
  0x00000242217cd2a0 JavaThread "Reference Handler" daemon [_thread_blocked, id=24888, stack(0x000000e549000000,0x000000e549100000)]
  0x00000242217cfbf0 JavaThread "Finalizer" daemon [_thread_blocked, id=7820, stack(0x000000e549100000,0x000000e549200000)]
  0x00000242217d1fd0 JavaThread "Signal Dispatcher" daemon [_thread_blocked, id=4760, stack(0x000000e549200000,0x000000e549300000)]
  0x00000242217d2a00 JavaThread "Attach Listener" daemon [_thread_blocked, id=20092, stack(0x000000e549300000,0x000000e549400000)]
  0x00000242217d3430 JavaThread "Service Thread" daemon [_thread_blocked, id=6572, stack(0x000000e549400000,0x000000e549500000)]
  0x00000242217d5fa0 JavaThread "Monitor Deflation Thread" daemon [_thread_blocked, id=7416, stack(0x000000e549500000,0x000000e549600000)]
=>0x00000242217e3830 JavaThread "C2 CompilerThread0" daemon [_thread_in_native, id=10416, stack(0x000000e549600000,0x000000e549700000)]
  0x00000242217d8c90 JavaThread "C1 CompilerThread0" daemon [_thread_blocked, id=328, stack(0x000000e549700000,0x000000e549800000)]
  0x0000024225cf2d00 JavaThread "Common-Cleaner" daemon [_thread_blocked, id=4632, stack(0x000000e549800000,0x000000e549900000)]
  0x0000024225f7c6f0 JavaThread "Monitor Ctrl-Break" daemon [_thread_in_native, id=16580, stack(0x000000e549a00000,0x000000e549b00000)]
  0x0000024225f400e0 JavaThread "Notification Thread" daemon [_thread_blocked, id=12836, stack(0x000000e549b00000,0x000000e549c00000)]
  0x0000024227de4030 JavaThread "Catalina-utility-1" [_thread_blocked, id=27468, stack(0x000000e54a600000,0x000000e54a700000)]
  0x0000024227261010 JavaThread "Catalina-utility-2" [_thread_blocked, id=10620, stack(0x000000e54a700000,0x000000e54a800000)]
  0x000002422815a450 JavaThread "container-0" [_thread_blocked, id=26316, stack(0x000000e54a800000,0x000000e54a900000)]
  0x0000024228159460 JavaThread "PostgreSQL-JDBC-Cleaner" daemon [_thread_blocked, id=23176, stack(0x000000e54aa00000,0x000000e54ab00000)]
  0x0000024228157f20 JavaThread "HikariPool-1 housekeeper" daemon [_thread_blocked, id=14296, stack(0x000000e54ab00000,0x000000e54ac00000)]
  0x00000242281599b0 JavaThread "Jndi-Dns-address-change-listener" daemon [_thread_in_native, id=15128, stack(0x000000e54a200000,0x000000e54a300000)]
  0x0000024228158470 JavaThread "BufferPoolPruner-1-thread-1" daemon [_thread_blocked, id=27580, stack(0x000000e549900000,0x000000e549a00000)]
  0x000002422815a9a0 JavaThread "cluster-ClusterId{value='649ecab5749b186cadbeaa52', description='null'}-cluster0-shard-00-00.hul9q.mongodb.net:27017" daemon [_thread_in_native, id=22488, stack(0x000000e54ae00000,0x000000e54af00000)]
  0x00000242281579d0 JavaThread "cluster-rtt-ClusterId{value='649ecab5749b186cadbeaa52', description='null'}-cluster0-shard-00-00.hul9q.mongodb.net:27017" daemon [_thread_blocked, id=16528, stack(0x000000e54af00000,0x000000e54b000000)]
  0x00000242281589c0 JavaThread "cluster-ClusterId{value='649ecab5749b186cadbeaa52', description='null'}-cluster0-shard-00-01.hul9q.mongodb.net:27017" daemon [_thread_in_native, id=17544, stack(0x000000e54b000000,0x000000e54b100000)]
  0x0000024228158f10 JavaThread "cluster-rtt-ClusterId{value='649ecab5749b186cadbeaa52', description='null'}-cluster0-shard-00-01.hul9q.mongodb.net:27017" daemon [_thread_blocked, id=3672, stack(0x000000e54b100000,0x000000e54b200000)]
  0x000002422a713020 JavaThread "cluster-ClusterId{value='649ecab5749b186cadbeaa52', description='null'}-cluster0-shard-00-02.hul9q.mongodb.net:27017" daemon [_thread_in_native, id=26720, stack(0x000000e54b200000,0x000000e54b300000)]
  0x000002422a712580 JavaThread "cluster-rtt-ClusterId{value='649ecab5749b186cadbeaa52', description='null'}-cluster0-shard-00-02.hul9q.mongodb.net:27017" daemon [_thread_blocked, id=24880, stack(0x000000e54b300000,0x000000e54b400000)]
  0x000002422a70eb10 JavaThread "http-nio-8081-exec-1" daemon [_thread_blocked, id=19104, stack(0x000000e54b500000,0x000000e54b600000)]
  0x000002422a70e070 JavaThread "http-nio-8081-exec-2" daemon [_thread_blocked, id=3804, stack(0x000000e54b600000,0x000000e54b700000)]
  0x000002422a714560 JavaThread "http-nio-8081-exec-3" daemon [_thread_blocked, id=8436, stack(0x000000e54b700000,0x000000e54b800000)]
  0x000002422a714010 JavaThread "http-nio-8081-exec-4" daemon [_thread_blocked, id=23356, stack(0x000000e54b800000,0x000000e54b900000)]
  0x000002422a712ad0 JavaThread "http-nio-8081-exec-5" daemon [_thread_blocked, id=17456, stack(0x000000e54b900000,0x000000e54ba00000)]
  0x000002422a70fb00 JavaThread "http-nio-8081-exec-6" daemon [_thread_in_Java, id=6168, stack(0x000000e54ba00000,0x000000e54bb00000)]
  0x000002422a711040 JavaThread "http-nio-8081-exec-7" daemon [_thread_in_native, id=20248, stack(0x000000e54bb00000,0x000000e54bc00000)]
  0x000002422a70f060 JavaThread "http-nio-8081-exec-8" daemon [_thread_in_native, id=6472, stack(0x000000e54bc00000,0x000000e54bd00000)]
  0x000002422a70e5c0 JavaThread "http-nio-8081-exec-9" daemon [_thread_blocked, id=21036, stack(0x000000e54bd00000,0x000000e54be00000)]
  0x000002422a713570 JavaThread "http-nio-8081-exec-10" daemon [_thread_blocked, id=27056, stack(0x000000e54be00000,0x000000e54bf00000)]
  0x000002422a714ab0 JavaThread "http-nio-8081-Poller" daemon [_thread_in_native, id=9252, stack(0x000000e54bf00000,0x000000e54c000000)]
  0x000002422a710050 JavaThread "http-nio-8081-Acceptor" daemon [_thread_in_native, id=23776, stack(0x000000e54c000000,0x000000e54c100000)]
  0x000002422a710af0 JavaThread "DestroyJavaVM" [_thread_blocked, id=1236, stack(0x000000e548900000,0x000000e548a00000)]
  0x000002422a715aa0 JavaThread "MaintenanceTimer-2-thread-1" daemon [_thread_blocked, id=20520, stack(0x000000e54c100000,0x000000e54c200000)]
  0x000002422a713ac0 JavaThread "MaintenanceTimer-3-thread-1" daemon [_thread_blocked, id=25636, stack(0x000000e54c200000,0x000000e54c300000)]
  0x000002422a711590 JavaThread "MaintenanceTimer-4-thread-1" daemon [_thread_blocked, id=26716, stack(0x000000e54c300000,0x000000e54c400000)]
  0x00000242277d00d0 JavaThread "C2 CompilerThread1" daemon [_thread_in_native, id=5232, stack(0x000000e548600000,0x000000e548700000)]

Other Threads:
  0x00000242217ae270 VMThread "VM Thread" [stack: 0x000000e548f00000,0x000000e549000000] [id=9108]
  0x0000024225f4c3f0 WatcherThread "VM Periodic Task Thread" [stack: 0x000000e549c00000,0x000000e549d00000] [id=4076]
  0x0000024204fa3fd0 WorkerThread "GC Thread#0" [stack: 0x000000e548a00000,0x000000e548b00000] [id=3060]
  0x0000024226846620 WorkerThread "GC Thread#1" [stack: 0x000000e549d00000,0x000000e549e00000] [id=21108]
  0x0000024226991860 WorkerThread "GC Thread#2" [stack: 0x000000e549e00000,0x000000e549f00000] [id=14000]
  0x0000024226991b80 WorkerThread "GC Thread#3" [stack: 0x000000e549f00000,0x000000e54a000000] [id=22520]
  0x0000024226992f30 WorkerThread "GC Thread#4" [stack: 0x000000e54a000000,0x000000e54a100000] [id=24784]
  0x0000024226992120 WorkerThread "GC Thread#5" [stack: 0x000000e54a100000,0x000000e54a200000] [id=26808]
  0x0000024226992c60 WorkerThread "GC Thread#6" [stack: 0x000000e54a300000,0x000000e54a400000] [id=6776]
  0x00000242269937a0 WorkerThread "GC Thread#7" [stack: 0x000000e54a400000,0x000000e54a500000] [id=21412]
  0x0000024204fb48a0 ConcurrentGCThread "G1 Main Marker" [stack: 0x000000e548b00000,0x000000e548c00000] [id=23024]
  0x0000024204fb6180 WorkerThread "G1 Conc#0" [stack: 0x000000e548c00000,0x000000e548d00000] [id=21472]
  0x0000024226991e50 WorkerThread "G1 Conc#1" [stack: 0x000000e54a500000,0x000000e54a600000] [id=25768]
  0x000002422166a510 ConcurrentGCThread "G1 Refine#0" [stack: 0x000000e548d00000,0x000000e548e00000] [id=27152]
  0x000002422166ad60 ConcurrentGCThread "G1 Service" [stack: 0x000000e548e00000,0x000000e548f00000] [id=20784]

Threads with active compile tasks:
C2 CompilerThread0  3288114 13358       4       org.springframework.data.repository.core.support.RepositoryMethodInvoker$RepositoryFragmentMethodInvoker::lambda$new$0 (42 bytes)
C2 CompilerThread1  3288114 13365       4       org.hibernate.query.sqm.internal.ConcreteSqmSelectQueryPlan::<init> (82 bytes)

VM state: not at safepoint (normal execution)

VM Mutex/Monitor currently owned by a thread: None

Heap address: 0x0000000084a00000, size: 1974 MB, Compressed Oops mode: 32-bit

CDS archive(s) mapped at: [0x0000000800000000-0x0000000800c60000-0x0000000800c60000), size 12976128, SharedBaseAddress: 0x0000000800000000, ArchiveRelocationMode: 0.
Compressed class space mapped at: 0x0000000801000000-0x0000000841000000, reserved size: 1073741824
Narrow klass base: 0x0000000800000000, Narrow klass shift: 0, Narrow klass range: 0x100000000

GC Precious Log:
 CardTable entry size: 512
 Card Set container configuration: InlinePtr #cards 5 size 8 Array Of Cards #cards 12 size 40 Howl #buckets 4 coarsen threshold 1843 Howl Bitmap #cards 512 size 80 coarsen threshold 460 Card regions per heap region 1 cards per card region 2048
 CPUs: 8 total, 8 available
 Memory: 7888M
 Large Page Support: Disabled
 NUMA Support: Disabled
 Compressed Oops: Enabled (32-bit)
 Heap Region Size: 1M
 Heap Min Capacity: 8M
 Heap Initial Capacity: 124M
 Heap Max Capacity: 1974M
 Pre-touch: Disabled
 Parallel Workers: 8
 Concurrent Workers: 2
 Concurrent Refinement Workers: 8
 Periodic GC: Disabled

Heap:
 garbage-first heap   total 79872K, used 45600K [0x0000000084a00000, 0x0000000100000000)
  region size 1024K, 18 young (18432K), 1 survivors (1024K)
 Metaspace       used 77640K, committed 78336K, reserved 1179648K
  class space    used 9735K, committed 10176K, reserved 1048576K

Heap Regions: E=young(eden), S=young(survivor), O=old, HS=humongous(starts), HC=humongous(continues), CS=collection set, F=free, OA=open archive, CA=closed archive, TAMS=top-at-mark-start, PB=parsable bottom
|   0|0x0000000084a00000, 0x0000000084b00000, 0x0000000084b00000|100%|HS|  |TAMS 0x0000000084a00000| PB 0x0000000084a00000| Complete 
|   1|0x0000000084b00000, 0x0000000084c00000, 0x0000000084c00000|100%| O|  |TAMS 0x0000000084b00000| PB 0x0000000084b00000| Untracked 
|   2|0x0000000084c00000, 0x0000000084d00000, 0x0000000084d00000|100%| O|  |TAMS 0x0000000084c00000| PB 0x0000000084c00000| Untracked 
|   3|0x0000000084d00000, 0x0000000084e00000, 0x0000000084e00000|100%| O|  |TAMS 0x0000000084d00000| PB 0x0000000084d00000| Untracked 
|   4|0x0000000084e00000, 0x0000000084f00000, 0x0000000084f00000|100%| O|  |TAMS 0x0000000084e00000| PB 0x0000000084e00000| Untracked 
|   5|0x0000000084f00000, 0x0000000085000000, 0x0000000085000000|100%| O|  |TAMS 0x0000000084f00000| PB 0x0000000084f00000| Untracked 
|   6|0x0000000085000000, 0x0000000085100000, 0x0000000085100000|100%| O|  |TAMS 0x0000000085000000| PB 0x0000000085000000| Untracked 
|   7|0x0000000085100000, 0x0000000085200000, 0x0000000085200000|100%| O|  |TAMS 0x0000000085100000| PB 0x0000000085100000| Untracked 
|   8|0x0000000085200000, 0x0000000085300000, 0x0000000085300000|100%| O|  |TAMS 0x0000000085200000| PB 0x0000000085200000| Untracked 
|   9|0x0000000085300000, 0x0000000085400000, 0x0000000085400000|100%| O|  |TAMS 0x0000000085300000| PB 0x0000000085300000| Untracked 
|  10|0x0000000085400000, 0x0000000085500000, 0x0000000085500000|100%| O|  |TAMS 0x0000000085400000| PB 0x0000000085400000| Untracked 
|  11|0x0000000085500000, 0x0000000085600000, 0x0000000085600000|100%| O|  |TAMS 0x0000000085500000| PB 0x0000000085500000| Untracked 
|  12|0x0000000085600000, 0x0000000085700000, 0x0000000085700000|100%| O|  |TAMS 0x0000000085600000| PB 0x0000000085600000| Untracked 
|  13|0x0000000085700000, 0x0000000085800000, 0x0000000085800000|100%| O|  |TAMS 0x0000000085700000| PB 0x0000000085700000| Untracked 
|  14|0x0000000085800000, 0x0000000085900000, 0x0000000085900000|100%| O|  |TAMS 0x0000000085800000| PB 0x0000000085800000| Untracked 
|  15|0x0000000085900000, 0x0000000085a00000, 0x0000000085a00000|100%| O|  |TAMS 0x0000000085900000| PB 0x0000000085900000| Untracked 
|  16|0x0000000085a00000, 0x0000000085b00000, 0x0000000085b00000|100%| O|  |TAMS 0x0000000085a00000| PB 0x0000000085a00000| Untracked 
|  17|0x0000000085b00000, 0x0000000085c00000, 0x0000000085c00000|100%| O|  |TAMS 0x0000000085b00000| PB 0x0000000085b00000| Untracked 
|  18|0x0000000085c00000, 0x0000000085d00000, 0x0000000085d00000|100%| O|  |TAMS 0x0000000085c00000| PB 0x0000000085c00000| Untracked 
|  19|0x0000000085d00000, 0x0000000085e00000, 0x0000000085e00000|100%| O|  |TAMS 0x0000000085d00000| PB 0x0000000085d00000| Untracked 
|  20|0x0000000085e00000, 0x0000000085f00000, 0x0000000085f00000|100%| O|  |TAMS 0x0000000085e00000| PB 0x0000000085e00000| Untracked 
|  21|0x0000000085f00000, 0x0000000086000000, 0x0000000086000000|100%| O|  |TAMS 0x0000000085f00000| PB 0x0000000085f00000| Untracked 
|  22|0x0000000086000000, 0x0000000086000000, 0x0000000086100000|  0%| F|  |TAMS 0x0000000086000000| PB 0x0000000086000000| Untracked 
|  23|0x0000000086100000, 0x0000000086200000, 0x0000000086200000|100%| O|  |TAMS 0x0000000086100000| PB 0x0000000086100000| Untracked 
|  24|0x0000000086200000, 0x0000000086300000, 0x0000000086300000|100%| O|  |TAMS 0x0000000086200000| PB 0x0000000086200000| Untracked 
|  25|0x0000000086300000, 0x0000000086315800, 0x0000000086400000|  8%| O|  |TAMS 0x0000000086300000| PB 0x0000000086300000| Untracked 
|  26|0x0000000086400000, 0x0000000086500000, 0x0000000086500000|100%| O|  |TAMS 0x0000000086400000| PB 0x0000000086400000| Untracked 
|  27|0x0000000086500000, 0x0000000086600000, 0x0000000086600000|100%| O|  |TAMS 0x0000000086500000| PB 0x0000000086500000| Untracked 
|  28|0x0000000086600000, 0x0000000086700000, 0x0000000086700000|100%| O|  |TAMS 0x0000000086600000| PB 0x0000000086600000| Untracked 
|  29|0x0000000086700000, 0x0000000086700000, 0x0000000086800000|  0%| F|  |TAMS 0x0000000086700000| PB 0x0000000086700000| Untracked 
|  30|0x0000000086800000, 0x0000000086800000, 0x0000000086900000|  0%| F|  |TAMS 0x0000000086800000| PB 0x0000000086800000| Untracked 
|  31|0x0000000086900000, 0x0000000086900000, 0x0000000086a00000|  0%| F|  |TAMS 0x0000000086900000| PB 0x0000000086900000| Untracked 
|  32|0x0000000086a00000, 0x0000000086b00000, 0x0000000086b00000|100%| O|  |TAMS 0x0000000086a00000| PB 0x0000000086a00000| Untracked 
|  33|0x0000000086b00000, 0x0000000086b00000, 0x0000000086c00000|  0%| F|  |TAMS 0x0000000086b00000| PB 0x0000000086b00000| Untracked 
|  34|0x0000000086c00000, 0x0000000086c72b70, 0x0000000086d00000| 44%| S|CS|TAMS 0x0000000086c00000| PB 0x0000000086c00000| Complete 
|  35|0x0000000086d00000, 0x0000000086d00000, 0x0000000086e00000|  0%| F|  |TAMS 0x0000000086d00000| PB 0x0000000086d00000| Untracked 
|  36|0x0000000086e00000, 0x0000000086e00000, 0x0000000086f00000|  0%| F|  |TAMS 0x0000000086e00000| PB 0x0000000086e00000| Untracked 
|  37|0x0000000086f00000, 0x0000000086f00000, 0x0000000087000000|  0%| F|  |TAMS 0x0000000086f00000| PB 0x0000000086f00000| Untracked 
|  38|0x0000000087000000, 0x0000000087000000, 0x0000000087100000|  0%| F|  |TAMS 0x0000000087000000| PB 0x0000000087000000| Untracked 
|  39|0x0000000087100000, 0x0000000087100000, 0x0000000087200000|  0%| F|  |TAMS 0x0000000087100000| PB 0x0000000087100000| Untracked 
|  40|0x0000000087200000, 0x0000000087200000, 0x0000000087300000|  0%| F|  |TAMS 0x0000000087200000| PB 0x0000000087200000| Untracked 
|  41|0x0000000087300000, 0x0000000087300000, 0x0000000087400000|  0%| F|  |TAMS 0x0000000087300000| PB 0x0000000087300000| Untracked 
|  42|0x0000000087400000, 0x0000000087400000, 0x0000000087500000|  0%| F|  |TAMS 0x0000000087400000| PB 0x0000000087400000| Untracked 
|  43|0x0000000087500000, 0x0000000087500000, 0x0000000087600000|  0%| F|  |TAMS 0x0000000087500000| PB 0x0000000087500000| Untracked 
|  44|0x0000000087600000, 0x0000000087600000, 0x0000000087700000|  0%| F|  |TAMS 0x0000000087600000| PB 0x0000000087600000| Untracked 
|  45|0x0000000087700000, 0x0000000087700000, 0x0000000087800000|  0%| F|  |TAMS 0x0000000087700000| PB 0x0000000087700000| Untracked 
|  46|0x0000000087800000, 0x0000000087800000, 0x0000000087900000|  0%| F|  |TAMS 0x0000000087800000| PB 0x0000000087800000| Untracked 
|  47|0x0000000087900000, 0x0000000087900000, 0x0000000087a00000|  0%| F|  |TAMS 0x0000000087900000| PB 0x0000000087900000| Untracked 
|  48|0x0000000087a00000, 0x0000000087a00000, 0x0000000087b00000|  0%| F|  |TAMS 0x0000000087a00000| PB 0x0000000087a00000| Untracked 
|  49|0x0000000087b00000, 0x0000000087b00000, 0x0000000087c00000|  0%| F|  |TAMS 0x0000000087b00000| PB 0x0000000087b00000| Untracked 
|  50|0x0000000087c00000, 0x0000000087c00000, 0x0000000087d00000|  0%| F|  |TAMS 0x0000000087c00000| PB 0x0000000087c00000| Untracked 
|  51|0x0000000087d00000, 0x0000000087d00000, 0x0000000087e00000|  0%| F|  |TAMS 0x0000000087d00000| PB 0x0000000087d00000| Untracked 
|  52|0x0000000087e00000, 0x0000000087e00000, 0x0000000087f00000|  0%| F|  |TAMS 0x0000000087e00000| PB 0x0000000087e00000| Untracked 
|  53|0x0000000087f00000, 0x0000000087f00000, 0x0000000088000000|  0%| F|  |TAMS 0x0000000087f00000| PB 0x0000000087f00000| Untracked 
|  54|0x0000000088000000, 0x0000000088000000, 0x0000000088100000|  0%| F|  |TAMS 0x0000000088000000| PB 0x0000000088000000| Untracked 
|  55|0x0000000088100000, 0x0000000088100000, 0x0000000088200000|  0%| F|  |TAMS 0x0000000088100000| PB 0x0000000088100000| Untracked 
|  56|0x0000000088200000, 0x0000000088200000, 0x0000000088300000|  0%| F|  |TAMS 0x0000000088200000| PB 0x0000000088200000| Untracked 
|  57|0x0000000088300000, 0x0000000088300000, 0x0000000088400000|  0%| F|  |TAMS 0x0000000088300000| PB 0x0000000088300000| Untracked 
|  58|0x0000000088400000, 0x0000000088400000, 0x0000000088500000|  0%| F|  |TAMS 0x0000000088400000| PB 0x0000000088400000| Untracked 
|  59|0x0000000088500000, 0x0000000088500000, 0x0000000088600000|  0%| F|  |TAMS 0x0000000088500000| PB 0x0000000088500000| Untracked 
|  60|0x0000000088600000, 0x0000000088641f10, 0x0000000088700000| 25%| E|  |TAMS 0x0000000088600000| PB 0x0000000088600000| Complete 
|  61|0x0000000088700000, 0x0000000088800000, 0x0000000088800000|100%| E|CS|TAMS 0x0000000088700000| PB 0x0000000088700000| Complete 
|  62|0x0000000088800000, 0x0000000088900000, 0x0000000088900000|100%| E|CS|TAMS 0x0000000088800000| PB 0x0000000088800000| Complete 
|  63|0x0000000088900000, 0x0000000088a00000, 0x0000000088a00000|100%| E|CS|TAMS 0x0000000088900000| PB 0x0000000088900000| Complete 
|  64|0x0000000088a00000, 0x0000000088b00000, 0x0000000088b00000|100%| E|CS|TAMS 0x0000000088a00000| PB 0x0000000088a00000| Complete 
|  65|0x0000000088b00000, 0x0000000088c00000, 0x0000000088c00000|100%| E|CS|TAMS 0x0000000088b00000| PB 0x0000000088b00000| Complete 
|  66|0x0000000088c00000, 0x0000000088d00000, 0x0000000088d00000|100%| E|CS|TAMS 0x0000000088c00000| PB 0x0000000088c00000| Complete 
|  67|0x0000000088d00000, 0x0000000088e00000, 0x0000000088e00000|100%| E|CS|TAMS 0x0000000088d00000| PB 0x0000000088d00000| Complete 
|  68|0x0000000088e00000, 0x0000000088f00000, 0x0000000088f00000|100%| E|CS|TAMS 0x0000000088e00000| PB 0x0000000088e00000| Complete 
|  69|0x0000000088f00000, 0x0000000089000000, 0x0000000089000000|100%| E|CS|TAMS 0x0000000088f00000| PB 0x0000000088f00000| Complete 
|  71|0x0000000089100000, 0x0000000089200000, 0x0000000089200000|100%| E|CS|TAMS 0x0000000089100000| PB 0x0000000089100000| Complete 
|  72|0x0000000089200000, 0x0000000089300000, 0x0000000089300000|100%| E|CS|TAMS 0x0000000089200000| PB 0x0000000089200000| Complete 
|  73|0x0000000089300000, 0x0000000089400000, 0x0000000089400000|100%| E|CS|TAMS 0x0000000089300000| PB 0x0000000089300000| Complete 
|  74|0x0000000089400000, 0x0000000089500000, 0x0000000089500000|100%| E|CS|TAMS 0x0000000089400000| PB 0x0000000089400000| Complete 
|  75|0x0000000089500000, 0x0000000089600000, 0x0000000089600000|100%| E|CS|TAMS 0x0000000089500000| PB 0x0000000089500000| Complete 
|  76|0x0000000089600000, 0x0000000089700000, 0x0000000089700000|100%| E|CS|TAMS 0x0000000089600000| PB 0x0000000089600000| Complete 
|  77|0x0000000089700000, 0x0000000089800000, 0x0000000089800000|100%| E|CS|TAMS 0x0000000089700000| PB 0x0000000089700000| Complete 
| 123|0x000000008c500000, 0x000000008c600000, 0x000000008c600000|100%| E|CS|TAMS 0x000000008c500000| PB 0x000000008c500000| Complete 

Card table byte_map: [0x000002421c700000,0x000002421cae0000] _byte_map_base: 0x000002421c2db000

Marking Bits: (CMBitMap*) 0x0000024204fa4600
 Bits: [0x000002421cec0000, 0x000002421ed98000)

Polling page: 0x0000024204700000

Metaspace:

Usage:
  Non-class:     66.31 MB used.
      Class:      9.51 MB used.
       Both:     75.82 MB used.

Virtual space:
  Non-class space:      128.00 MB reserved,      66.56 MB ( 52%) committed,  2 nodes.
      Class space:        1.00 GB reserved,       9.94 MB ( <1%) committed,  1 nodes.
             Both:        1.12 GB reserved,      76.50 MB (  7%) committed. 

Chunk freelists:
   Non-Class:  1.44 MB
       Class:  2.17 MB
        Both:  3.60 MB

MaxMetaspaceSize: unlimited
CompressedClassSpaceSize: 1.00 GB
Initial GC threshold: 21.00 MB
Current GC threshold: 127.44 MB
CDS: on
MetaspaceReclaimPolicy: balanced
 - commit_granule_bytes: 65536.
 - commit_granule_words: 8192.
 - virtual_space_node_default_size: 8388608.
 - enlarge_chunks_in_place: 1.
 - new_chunks_are_fully_committed: 0.
 - uncommit_free_chunks: 1.
 - use_allocation_guard: 0.


Internal statistics:

num_allocs_failed_limit: 9.
num_arena_births: 1038.
num_arena_deaths: 346.
num_vsnodes_births: 3.
num_vsnodes_deaths: 0.
num_space_committed: 1224.
num_space_uncommitted: 0.
num_chunks_returned_to_freelist: 386.
num_chunks_taken_from_freelist: 3877.
num_chunk_merges: 99.
num_chunk_splits: 2667.
num_chunks_enlarged: 2110.
num_inconsistent_stats: 0.

CodeHeap 'non-profiled nmethods': size=120000Kb used=7489Kb max_used=8306Kb free=112510Kb
 bounds [0x0000024214ac0000, 0x0000024215300000, 0x000002421bff0000]
CodeHeap 'profiled nmethods': size=120000Kb used=9407Kb max_used=22562Kb free=110592Kb
 bounds [0x000002420cff0000, 0x000002420e610000, 0x0000024214520000]
CodeHeap 'non-nmethods': size=5760Kb used=1941Kb max_used=2013Kb free=3818Kb
 bounds [0x0000024214520000, 0x0000024214790000, 0x0000024214ac0000]
 total_blobs=5122 nmethods=4391 adapters=639
 compilation: enabled
              stopped_count=0, restarted_count=0
 full_count=0

Compilation events (20 events):
Event: 3287.921 Thread 0x00000242217e3830 nmethod 13351 0x0000024214fd0410 code [0x0000024214fd0580, 0x0000024214fd0660]
Event: 3287.921 Thread 0x00000242217e3830 13349       4       org.springframework.web.servlet.DispatcherServlet::processDispatchResult (165 bytes)
Event: 3287.940 Thread 0x00000242217e3830 nmethod 13349 0x0000024214e01a10 code [0x0000024214e01c40, 0x0000024214e02688]
Event: 3287.940 Thread 0x00000242217e3830 13354       4       org.springframework.orm.jpa.support.OpenEntityManagerInViewInterceptor::decrementParticipateCount (61 bytes)
Event: 3287.953 Thread 0x00000242217e3830 nmethod 13354 0x0000024214f46f10 code [0x0000024214f47100, 0x0000024214f47960]
Event: 3287.953 Thread 0x00000242217e3830 13355       4       com.fasterxml.jackson.databind.ser.impl.ReadOnlyClassToSerializerMap::typedValueSerializer (58 bytes)
Event: 3287.957 Thread 0x00000242217e3830 nmethod 13355 0x0000024214cc4f10 code [0x0000024214cc50a0, 0x0000024214cc5338]
Event: 3287.957 Thread 0x00000242217e3830 13356       4       com.fasterxml.jackson.databind.ser.DefaultSerializerProvider::serializeValue (101 bytes)
Event: 3287.966 Thread 0x00000242217e3830 nmethod 13356 0x0000024214e51c90 code [0x0000024214e51e60, 0x0000024214e524d8]
Event: 3287.966 Thread 0x00000242217e3830 13353       4       org.hibernate.internal.SessionImpl::determineAppropriateLocalCacheMode (56 bytes)
Event: 3287.987 Thread 0x00000242217e3830 nmethod 13353 0x0000024214e2e910 code [0x0000024214e2eba0, 0x0000024214e2f828]
Event: 3287.987 Thread 0x00000242217e3830 13357       4       org.hibernate.resource.transaction.backend.jdbc.internal.JdbcResourceLocalTransactionCoordinatorImpl::afterBeginCallback (87 bytes)
Event: 3287.999 Thread 0x00000242217e3830 nmethod 13357 0x0000024214b6d810 code [0x0000024214b6da40, 0x0000024214b6e030]
Event: 3287.999 Thread 0x00000242217e3830 13359   !   4       jdk.proxy2.$Proxy112::getQueryHints (29 bytes)
Event: 3288.001 Thread 0x00000242217e3830 nmethod 13359 0x0000024214df8790 code [0x0000024214df8920, 0x0000024214df8a80]
Event: 3288.001 Thread 0x00000242217e3830 13360   !   4       com.fasterxml.jackson.databind.ObjectWriter::writeValue (121 bytes)
Event: 3288.031 Thread 0x00000242217e3830 nmethod 13360 0x0000024214dbc010 code [0x0000024214dbc2a0, 0x0000024214dbd680]
Event: 3288.032 Thread 0x00000242217e3830 13361       4       org.hibernate.query.sqm.sql.internal.AbstractSqmPathInterpretation::getExpressionType (5 bytes)
Event: 3288.032 Thread 0x00000242217e3830 nmethod 13361 0x0000024214b69110 code [0x0000024214b69280, 0x0000024214b69328]
Event: 3288.032 Thread 0x00000242217e3830 13358       4       org.springframework.data.repository.core.support.RepositoryMethodInvoker$RepositoryFragmentMethodInvoker::lambda$new$0 (42 bytes)

GC Heap History (20 events):
Event: 3268.768 GC heap before
{Heap before GC invocations=27 (full 0):
 garbage-first heap   total 66560K, used 59351K [0x0000000084a00000, 0x0000000100000000)
  region size 1024K, 30 young (30720K), 2 survivors (2048K)
 Metaspace       used 77599K, committed 78272K, reserved 1179648K
  class space    used 9729K, committed 10176K, reserved 1048576K
}
Event: 3268.778 GC heap after
{Heap after GC invocations=28 (full 0):
 garbage-first heap   total 66560K, used 30367K [0x0000000084a00000, 0x0000000100000000)
  region size 1024K, 2 young (2048K), 2 survivors (2048K)
 Metaspace       used 77599K, committed 78272K, reserved 1179648K
  class space    used 9729K, committed 10176K, reserved 1048576K
}
Event: 3269.570 GC heap before
{Heap before GC invocations=28 (full 0):
 garbage-first heap   total 66560K, used 60063K [0x0000000084a00000, 0x0000000100000000)
  region size 1024K, 31 young (31744K), 2 survivors (2048K)
 Metaspace       used 77605K, committed 78272K, reserved 1179648K
  class space    used 9730K, committed 10176K, reserved 1048576K
}
Event: 3269.574 GC heap after
{Heap after GC invocations=29 (full 0):
 garbage-first heap   total 66560K, used 30402K [0x0000000084a00000, 0x0000000100000000)
  region size 1024K, 2 young (2048K), 2 survivors (2048K)
 Metaspace       used 77605K, committed 78272K, reserved 1179648K
  class space    used 9730K, committed 10176K, reserved 1048576K
}
Event: 3270.423 GC heap before
{Heap before GC invocations=30 (full 0):
 garbage-first heap   total 66560K, used 60098K [0x0000000084a00000, 0x0000000100000000)
  region size 1024K, 31 young (31744K), 2 survivors (2048K)
 Metaspace       used 77614K, committed 78336K, reserved 1179648K
  class space    used 9731K, committed 10176K, reserved 1048576K
}
Event: 3270.425 GC heap after
{Heap after GC invocations=31 (full 0):
 garbage-first heap   total 66560K, used 30372K [0x0000000084a00000, 0x0000000100000000)
  region size 1024K, 2 young (2048K), 2 survivors (2048K)
 Metaspace       used 77614K, committed 78336K, reserved 1179648K
  class space    used 9731K, committed 10176K, reserved 1048576K
}
Event: 3272.379 GC heap before
{Heap before GC invocations=31 (full 0):
 garbage-first heap   total 66560K, used 60068K [0x0000000084a00000, 0x0000000100000000)
  region size 1024K, 31 young (31744K), 2 survivors (2048K)
 Metaspace       used 77614K, committed 78336K, reserved 1179648K
  class space    used 9731K, committed 10176K, reserved 1048576K
}
Event: 3272.387 GC heap after
{Heap after GC invocations=32 (full 0):
 garbage-first heap   total 79872K, used 29711K [0x0000000084a00000, 0x0000000100000000)
  region size 1024K, 2 young (2048K), 2 survivors (2048K)
 Metaspace       used 77614K, committed 78336K, reserved 1179648K
  class space    used 9731K, committed 10176K, reserved 1048576K
}
Event: 3273.674 GC heap before
{Heap before GC invocations=32 (full 0):
 garbage-first heap   total 79872K, used 71695K [0x0000000084a00000, 0x0000000100000000)
  region size 1024K, 43 young (44032K), 2 survivors (2048K)
 Metaspace       used 77614K, committed 78336K, reserved 1179648K
  class space    used 9731K, committed 10176K, reserved 1048576K
}
Event: 3273.676 GC heap after
{Heap after GC invocations=33 (full 0):
 garbage-first heap   total 79872K, used 29735K [0x0000000084a00000, 0x0000000100000000)
  region size 1024K, 2 young (2048K), 2 survivors (2048K)
 Metaspace       used 77614K, committed 78336K, reserved 1179648K
  class space    used 9731K, committed 10176K, reserved 1048576K
}
Event: 3274.518 GC heap before
{Heap before GC invocations=34 (full 0):
 garbage-first heap   total 79872K, used 71719K [0x0000000084a00000, 0x0000000100000000)
  region size 1024K, 43 young (44032K), 2 survivors (2048K)
 Metaspace       used 77618K, committed 78336K, reserved 1179648K
  class space    used 9733K, committed 10176K, reserved 1048576K
}
Event: 3274.520 GC heap after
{Heap after GC invocations=35 (full 0):
 garbage-first heap   total 79872K, used 29737K [0x0000000084a00000, 0x0000000100000000)
  region size 1024K, 2 young (2048K), 2 survivors (2048K)
 Metaspace       used 77618K, committed 78336K, reserved 1179648K
  class space    used 9733K, committed 10176K, reserved 1048576K
}
Event: 3275.497 GC heap before
{Heap before GC invocations=35 (full 0):
 garbage-first heap   total 79872K, used 71721K [0x0000000084a00000, 0x0000000100000000)
  region size 1024K, 43 young (44032K), 2 survivors (2048K)
 Metaspace       used 77620K, committed 78336K, reserved 1179648K
  class space    used 9733K, committed 10176K, reserved 1048576K
}
Event: 3275.504 GC heap after
{Heap after GC invocations=36 (full 0):
 garbage-first heap   total 79872K, used 29357K [0x0000000084a00000, 0x0000000100000000)
  region size 1024K, 2 young (2048K), 2 survivors (2048K)
 Metaspace       used 77620K, committed 78336K, reserved 1179648K
  class space    used 9733K, committed 10176K, reserved 1048576K
}
Event: 3276.500 GC heap before
{Heap before GC invocations=36 (full 0):
 garbage-first heap   total 79872K, used 72365K [0x0000000084a00000, 0x0000000100000000)
  region size 1024K, 44 young (45056K), 2 survivors (2048K)
 Metaspace       used 77628K, committed 78336K, reserved 1179648K
  class space    used 9733K, committed 10176K, reserved 1048576K
}
Event: 3276.503 GC heap after
{Heap after GC invocations=37 (full 0):
 garbage-first heap   total 79872K, used 29485K [0x0000000084a00000, 0x0000000100000000)
  region size 1024K, 2 young (2048K), 2 survivors (2048K)
 Metaspace       used 77628K, committed 78336K, reserved 1179648K
  class space    used 9733K, committed 10176K, reserved 1048576K
}
Event: 3277.596 GC heap before
{Heap before GC invocations=38 (full 0):
 garbage-first heap   total 79872K, used 71469K [0x0000000084a00000, 0x0000000100000000)
  region size 1024K, 43 young (44032K), 2 survivors (2048K)
 Metaspace       used 77629K, committed 78336K, reserved 1179648K
  class space    used 9733K, committed 10176K, reserved 1048576K
}
Event: 3277.599 GC heap after
{Heap after GC invocations=39 (full 0):
 garbage-first heap   total 79872K, used 29485K [0x0000000084a00000, 0x0000000100000000)
  region size 1024K, 1 young (1024K), 1 survivors (1024K)
 Metaspace       used 77629K, committed 78336K, reserved 1179648K
  class space    used 9733K, committed 10176K, reserved 1048576K
}
Event: 3287.536 GC heap before
{Heap before GC invocations=39 (full 0):
 garbage-first heap   total 79872K, used 72493K [0x0000000084a00000, 0x0000000100000000)
  region size 1024K, 43 young (44032K), 1 survivors (1024K)
 Metaspace       used 77640K, committed 78336K, reserved 1179648K
  class space    used 9735K, committed 10176K, reserved 1048576K
}
Event: 3287.543 GC heap after
{Heap after GC invocations=40 (full 0):
 garbage-first heap   total 79872K, used 29216K [0x0000000084a00000, 0x0000000100000000)
  region size 1024K, 1 young (1024K), 1 survivors (1024K)
 Metaspace       used 77640K, committed 78336K, reserved 1179648K
  class space    used 9735K, committed 10176K, reserved 1048576K
}

Dll operation events (14 events):
Event: 0.009 Loaded shared library C:\Program Files\Java\jdk-20\bin\java.dll
Event: 0.020 Loaded shared library C:\Program Files\Java\jdk-20\bin\jsvml.dll
Event: 0.086 Loaded shared library C:\Program Files\Java\jdk-20\bin\zip.dll
Event: 0.090 Loaded shared library C:\Program Files\Java\jdk-20\bin\instrument.dll
Event: 0.095 Loaded shared library C:\Program Files\Java\jdk-20\bin\net.dll
Event: 0.097 Loaded shared library C:\Program Files\Java\jdk-20\bin\nio.dll
Event: 0.100 Loaded shared library C:\Program Files\Java\jdk-20\bin\zip.dll
Event: 0.182 Loaded shared library C:\Program Files\JetBrains\IntelliJ IDEA Community Edition 2023.1.3\bin\breakgen64.dll
Event: 0.190 Loaded shared library C:\Program Files\Java\jdk-20\bin\extnet.dll
Event: 0.218 Loaded shared library C:\Program Files\Java\jdk-20\bin\jimage.dll
Event: 2.352 Loaded shared library C:\Program Files\Java\jdk-20\bin\sunmscapi.dll
Event: 2.358 Loaded shared library C:\Program Files\Java\jdk-20\bin\management.dll
Event: 2.360 Loaded shared library C:\Program Files\Java\jdk-20\bin\management_ext.dll
Event: 2.851 Loaded shared library C:\Program Files\Java\jdk-20\bin\verify.dll

Deoptimization events (20 events):
Event: 3276.385 Thread 0x000002422a714560 Uncommon trap: trap_request=0xffffffbe fr.pc=0x00000242152da0d4 relative=0x0000000000000694
Event: 3276.385 Thread 0x000002422a714560 Uncommon trap: reason=profile_predicate action=maybe_recompile pc=0x00000242152da0d4 method=java.util.concurrent.ConcurrentHashMap$Traverser.advance()Ljava/util/concurrent/ConcurrentHashMap$Node; @ 15 c2
Event: 3276.385 Thread 0x000002422a714560 DEOPT PACKING pc=0x00000242152da0d4 sp=0x000000e54b7fd160
Event: 3276.385 Thread 0x000002422a714560 DEOPT UNPACKING pc=0x000002421453d2a2 sp=0x000000e54b7fce18 mode 2
Event: 3276.386 Thread 0x000002422a714010 Uncommon trap: trap_request=0xffffffbe fr.pc=0x00000242152da0d4 relative=0x0000000000000694
Event: 3276.386 Thread 0x000002422a70e070 Uncommon trap: trap_request=0xffffffbe fr.pc=0x00000242152da0d4 relative=0x0000000000000694
Event: 3276.386 Thread 0x000002422a70fb00 Uncommon trap: trap_request=0xffffffbe fr.pc=0x00000242152da0d4 relative=0x0000000000000694
Event: 3276.386 Thread 0x000002422a714010 Uncommon trap: reason=profile_predicate action=maybe_recompile pc=0x00000242152da0d4 method=java.util.concurrent.ConcurrentHashMap$Traverser.advance()Ljava/util/concurrent/ConcurrentHashMap$Node; @ 15 c2
Event: 3276.386 Thread 0x000002422a70e070 Uncommon trap: reason=profile_predicate action=maybe_recompile pc=0x00000242152da0d4 method=java.util.concurrent.ConcurrentHashMap$Traverser.advance()Ljava/util/concurrent/ConcurrentHashMap$Node; @ 15 c2
Event: 3276.386 Thread 0x000002422a70fb00 Uncommon trap: reason=profile_predicate action=maybe_recompile pc=0x00000242152da0d4 method=java.util.concurrent.ConcurrentHashMap$Traverser.advance()Ljava/util/concurrent/ConcurrentHashMap$Node; @ 15 c2
Event: 3276.386 Thread 0x000002422a714010 DEOPT PACKING pc=0x00000242152da0d4 sp=0x000000e54b8fd480
Event: 3276.386 Thread 0x000002422a70fb00 DEOPT PACKING pc=0x00000242152da0d4 sp=0x000000e54bafd4b0
Event: 3276.386 Thread 0x000002422a70e070 DEOPT PACKING pc=0x00000242152da0d4 sp=0x000000e54b6fd1d0
Event: 3276.386 Thread 0x000002422a714010 DEOPT UNPACKING pc=0x000002421453d2a2 sp=0x000000e54b8fd138 mode 2
Event: 3276.386 Thread 0x000002422a70fb00 DEOPT UNPACKING pc=0x000002421453d2a2 sp=0x000000e54bafd168 mode 2
Event: 3276.386 Thread 0x000002422a70e070 DEOPT UNPACKING pc=0x000002421453d2a2 sp=0x000000e54b6fce88 mode 2
Event: 3276.797 Thread 0x000002422a70fb00 DEOPT PACKING pc=0x000002420d554eb8 sp=0x000000e54bafe730
Event: 3276.797 Thread 0x000002422a70fb00 DEOPT UNPACKING pc=0x000002421458e462 sp=0x000000e54bafdb50 mode 0
Event: 3277.058 Thread 0x000002422a70fb00 DEOPT PACKING pc=0x000002420e47d9bc sp=0x000000e54bafcf20
Event: 3277.058 Thread 0x000002422a70fb00 DEOPT UNPACKING pc=0x000002421458e462 sp=0x000000e54bafc3b0 mode 0

Classes loaded (20 events):
Event: 461.829 Loading class sun/security/ssl/PreSharedKeyExtension$SHPreSharedKeySpec
Event: 461.829 Loading class sun/security/ssl/PreSharedKeyExtension$SHPreSharedKeySpec done
Event: 461.918 Loading class java/util/Base64
Event: 461.930 Loading class java/util/Base64 done
Event: 461.930 Loading class java/util/Base64$Encoder
Event: 461.937 Loading class java/util/Base64$Encoder done
Event: 461.940 Loading class sun/security/provider/MD5
Event: 461.940 Loading class sun/security/provider/MD5 done
Event: 461.941 Loading class sun/security/provider/ByteArrayAccess$LE
Event: 461.941 Loading class sun/security/provider/ByteArrayAccess$LE done
Event: 461.943 Loading class java/util/Base64$Decoder
Event: 461.944 Loading class java/util/Base64$Decoder done
Event: 461.945 Loading class com/sun/crypto/provider/HmacSHA1
Event: 461.946 Loading class com/sun/crypto/provider/HmacSHA1 done
Event: 844.679 Loading class java/util/concurrent/locks/ReentrantReadWriteLock$Sync$HoldCounter
Event: 844.704 Loading class java/util/concurrent/locks/ReentrantReadWriteLock$Sync$HoldCounter done
Event: 859.510 Loading class java/lang/invoke/MethodHandleImpl$CountingWrapper$1
Event: 859.512 Loading class java/lang/invoke/MethodHandleImpl$CountingWrapper$1 done
Event: 3269.803 Loading class sun/util/locale/LocaleExtensions
Event: 3269.818 Loading class sun/util/locale/LocaleExtensions done

Classes unloaded (20 events):
Event: 3263.709 Thread 0x00000242217ae270 Unloading class 0x0000000801101000 'java/lang/invoke/LambdaForm$MH+0x0000000801101000'
Event: 3263.709 Thread 0x00000242217ae270 Unloading class 0x0000000801100c00 'java/lang/invoke/LambdaForm$MH+0x0000000801100c00'
Event: 3263.709 Thread 0x00000242217ae270 Unloading class 0x0000000801100800 'java/lang/invoke/LambdaForm$MH+0x0000000801100800'
Event: 3263.709 Thread 0x00000242217ae270 Unloading class 0x00000008010bd000 'java/lang/invoke/LambdaForm$MH+0x00000008010bd000'
Event: 3263.709 Thread 0x00000242217ae270 Unloading class 0x00000008010bcc00 'java/lang/invoke/LambdaForm$MH+0x00000008010bcc00'
Event: 3263.709 Thread 0x00000242217ae270 Unloading class 0x0000000801022800 'java/lang/invoke/LambdaForm$MH+0x0000000801022800'
Event: 3263.710 Thread 0x00000242217ae270 Unloading class 0x0000000801021c00 'java/lang/invoke/LambdaForm$MH+0x0000000801021c00'
Event: 3263.710 Thread 0x00000242217ae270 Unloading class 0x0000000801021800 'java/lang/invoke/LambdaForm$MH+0x0000000801021800'
Event: 3263.710 Thread 0x00000242217ae270 Unloading class 0x0000000801021400 'java/lang/invoke/LambdaForm$MH+0x0000000801021400'
Event: 3263.710 Thread 0x00000242217ae270 Unloading class 0x0000000801020c00 'java/lang/invoke/LambdaForm$MH+0x0000000801020c00'
Event: 3263.710 Thread 0x00000242217ae270 Unloading class 0x0000000801020000 'java/lang/invoke/LambdaForm$MH+0x0000000801020000'
Event: 3263.710 Thread 0x00000242217ae270 Unloading class 0x0000000801015c00 'java/lang/invoke/LambdaForm$MH+0x0000000801015c00'
Event: 3263.710 Thread 0x00000242217ae270 Unloading class 0x0000000801015400 'java/lang/invoke/LambdaForm$MH+0x0000000801015400'
Event: 3263.710 Thread 0x00000242217ae270 Unloading class 0x0000000801014c00 'java/lang/invoke/LambdaForm$MH+0x0000000801014c00'
Event: 3263.711 Thread 0x00000242217ae270 Unloading class 0x0000000801014400 'java/lang/invoke/LambdaForm$MH+0x0000000801014400'
Event: 3263.711 Thread 0x00000242217ae270 Unloading class 0x0000000801014000 'java/lang/invoke/LambdaForm$MH+0x0000000801014000'
Event: 3263.711 Thread 0x00000242217ae270 Unloading class 0x0000000801002400 'java/lang/invoke/LambdaForm$MH+0x0000000801002400'
Event: 3263.711 Thread 0x00000242217ae270 Unloading class 0x0000000801002000 'java/lang/invoke/LambdaForm$MH+0x0000000801002000'
Event: 3263.711 Thread 0x00000242217ae270 Unloading class 0x0000000801001c00 'java/lang/invoke/LambdaForm$MH+0x0000000801001c00'
Event: 3263.711 Thread 0x00000242217ae270 Unloading class 0x0000000801001400 'java/lang/invoke/LambdaForm$MH+0x0000000801001400'

Classes redefined (0 events):
No events

Internal exceptions (20 events):
Event: 5.433 Thread 0x0000024204f45130 Exception <a 'java/lang/NoSuchMethodError'{0x00000000892d93b0}: 'java.lang.Object java.lang.invoke.DirectMethodHandle$Holder.invokeSpecial(java.lang.Object, java.lang.Object, java.lang.Object, int, java.lang.Object, int)'> (0x00000000892d93b0) 
thrown [s\open\src\hotspot\share\interpreter\linkResolver.cpp, line 773]
Event: 64.728 Thread 0x0000024228158470 Exception <a 'java/lang/NoSuchMethodError'{0x00000000870948f8}: 'java.lang.Object java.lang.invoke.DirectMethodHandle$Holder.newInvokeSpecial(java.lang.Object, java.lang.Object, long)'> (0x00000000870948f8) 
thrown [s\open\src\hotspot\share\interpreter\linkResolver.cpp, line 773]
Event: 64.728 Thread 0x0000024228158470 Exception <a 'java/lang/NoSuchMethodError'{0x00000000870983a0}: 'java.lang.Object java.lang.invoke.Invokers$Holder.linkToTargetMethod(java.lang.Object, long, java.lang.Object)'> (0x00000000870983a0) 
thrown [s\open\src\hotspot\share\interpreter\linkResolver.cpp, line 773]
Event: 95.320 Thread 0x000002422a70eb10 Exception <a 'java/lang/NoSuchMethodError'{0x0000000086ea6260}: 'java.lang.Object java.lang.invoke.DirectMethodHandle$Holder.invokeSpecial(java.lang.Object, java.lang.Object, java.lang.Object, java.lang.Object, java.lang.Object, long)'> (0x0000000086ea6260) 
thrown [s\open\src\hotspot\share\interpreter\linkResolver.cpp, line 773]
Event: 95.320 Thread 0x000002422a70eb10 Exception <a 'java/lang/NoSuchMethodError'{0x0000000086ea9a20}: 'java.lang.Object java.lang.invoke.Invokers$Holder.linkToTargetMethod(java.lang.Object, java.lang.Object, java.lang.Object, long, java.lang.Object)'> (0x0000000086ea9a20) 
thrown [s\open\src\hotspot\share\interpreter\linkResolver.cpp, line 773]
Event: 95.516 Thread 0x000002422a70eb10 Implicit null exception at 0x0000024214db9321 to 0x0000024214db9468
Event: 95.539 Thread 0x000002422a70eb10 Exception <a 'java/lang/NoSuchMethodError'{0x000000008918cb10}: 'void java.lang.invoke.DirectMethodHandle$Holder.invokeSpecialIFC(java.lang.Object, java.lang.Object, int, java.lang.Object, java.lang.Object, java.lang.Object, java.lang.Object)'> (0x000000008918cb10) 
thrown [s\open\src\hotspot\share\interpreter\linkResolver.cpp, line 773]
Event: 95.612 Thread 0x000002422a70eb10 Exception <a 'java/lang/NoSuchMethodError'{0x00000000881d9220}: 'java.lang.Object java.lang.invoke.DirectMethodHandle$Holder.invokeInterface(java.lang.Object, java.lang.Object, java.lang.Object, java.lang.Object)'> (0x00000000881d9220) 
thrown [s\open\src\hotspot\share\interpreter\linkResolver.cpp, line 773]
Event: 95.613 Thread 0x000002422a70eb10 Exception <a 'java/lang/NoSuchMethodError'{0x00000000881f0630}: 'java.lang.Object java.lang.invoke.DirectMethodHandle$Holder.invokeInterface(java.lang.Object, java.lang.Object, java.lang.Object, java.lang.Object, java.lang.Object)'> (0x00000000881f0630) 
thrown [s\open\src\hotspot\share\interpreter\linkResolver.cpp, line 773]
Event: 461.998 Thread 0x000002422a70e5c0 Implicit null exception at 0x0000024214eafeca to 0x0000024214eb0844
Event: 462.114 Thread 0x000002422a70e5c0 Exception <a 'java/lang/NoSuchMethodError'{0x0000000087034728}: 'void java.lang.invoke.Invokers$Holder.invoke_MT(java.lang.Object, java.lang.Object, java.lang.Object, java.lang.Object)'> (0x0000000087034728) 
thrown [s\open\src\hotspot\share\interpreter\linkResolver.cpp, line 773]
Event: 859.464 Thread 0x000002422a70eb10 Implicit null exception at 0x0000024214c4dceb to 0x0000024214c4dd60
Event: 2673.919 Thread 0x000002422a70e070 Implicit null exception at 0x0000024214b25d6d to 0x0000024214b25ecc
Event: 3269.126 Thread 0x000002422a713570 Implicit null exception at 0x0000024214d2d140 to 0x0000024214d340a4
Event: 3276.383 Thread 0x000002422a70e5c0 Implicit null exception at 0x00000242152d9ac2 to 0x00000242152da0a8
Event: 3276.383 Thread 0x000002422a70eb10 Implicit null exception at 0x00000242152d9ac2 to 0x00000242152da0a8
Event: 3276.385 Thread 0x000002422a714560 Implicit null exception at 0x00000242152d9ac2 to 0x00000242152da0a8
Event: 3276.385 Thread 0x000002422a714010 Implicit null exception at 0x00000242152d9ac2 to 0x00000242152da0a8
Event: 3276.385 Thread 0x000002422a70e070 Implicit null exception at 0x00000242152d9ac2 to 0x00000242152da0a8
Event: 3276.385 Thread 0x000002422a70fb00 Implicit null exception at 0x00000242152d9ac2 to 0x00000242152da0a8

VM Operations (20 events):
Event: 3276.530 Executing VM operation: G1PauseRemark
Event: 3276.555 Executing VM operation: G1PauseRemark done
Event: 3276.570 Executing VM operation: G1PauseCleanup
Event: 3276.570 Executing VM operation: G1PauseCleanup done
Event: 3277.574 Executing VM operation: Cleanup
Event: 3277.574 Executing VM operation: Cleanup done
Event: 3277.596 Executing VM operation: G1CollectForAllocation
Event: 3277.599 Executing VM operation: G1CollectForAllocation done
Event: 3278.602 Executing VM operation: Cleanup
Event: 3278.602 Executing VM operation: Cleanup done
Event: 3279.617 Executing VM operation: Cleanup
Event: 3279.617 Executing VM operation: Cleanup done
Event: 3280.622 Executing VM operation: Cleanup
Event: 3280.622 Executing VM operation: Cleanup done
Event: 3281.633 Executing VM operation: Cleanup
Event: 3281.633 Executing VM operation: Cleanup done
Event: 3285.669 Executing VM operation: Cleanup
Event: 3285.669 Executing VM operation: Cleanup done
Event: 3287.536 Executing VM operation: G1CollectForAllocation
Event: 3287.543 Executing VM operation: G1CollectForAllocation done

Events (20 events):
Event: 3276.554 Thread 0x00000242217ae270 flushing nmethod 0x0000024214ad2910
Event: 3276.554 Thread 0x00000242217ae270 flushing nmethod 0x0000024214ad2610
Event: 3276.554 Thread 0x00000242217ae270 flushing nmethod 0x0000024214ad2310
Event: 3276.554 Thread 0x00000242217ae270 flushing nmethod 0x0000024214acaa10
Event: 3276.554 Thread 0x00000242217ae270 flushing nmethod 0x0000024214adff90
Event: 3276.554 Thread 0x00000242217ae270 flushing nmethod 0x0000024214adc690
Event: 3276.554 Thread 0x00000242217ae270 flushing nmethod 0x0000024214ad1f90
Event: 3276.554 Thread 0x00000242217ae270 flushing nmethod 0x0000024214ac3090
Event: 3276.554 Thread 0x00000242217ae270 flushing nmethod 0x0000024214adf190
Event: 3276.554 Thread 0x00000242217ae270 flushing nmethod 0x0000024214aca710
Event: 3276.554 Thread 0x00000242217ae270 flushing nmethod 0x0000024214ad1c90
Event: 3276.554 Thread 0x00000242217ae270 flushing nmethod 0x0000024214ac6c90
Event: 3276.554 Thread 0x00000242217ae270 flushing nmethod 0x0000024214ac1790
Event: 3276.554 Thread 0x00000242217ae270 flushing nmethod 0x0000024214ad5890
Event: 3276.554 Thread 0x00000242217ae270 flushing nmethod 0x0000024214adb110
Event: 3276.554 Thread 0x00000242217ae270 flushing nmethod 0x0000024214ad5110
Event: 3276.554 Thread 0x00000242217ae270 flushing nmethod 0x0000024214ac5d90
Event: 3276.554 Thread 0x00000242217ae270 flushing nmethod 0x0000024214ac8590
Event: 3276.554 Thread 0x00000242217ae270 flushing nmethod 0x0000024214ac7f90
Event: 3276.554 Thread 0x00000242217ae270 flushing nmethod 0x0000024214ac0010


Dynamic libraries:
0x00007ff61f5f0000 - 0x00007ff61f600000 	C:\Program Files\Java\jdk-20\bin\java.exe
0x00007ff81f810000 - 0x00007ff81fa24000 	C:\WINDOWS\SYSTEM32\ntdll.dll
0x00007ff81f480000 - 0x00007ff81f542000 	C:\WINDOWS\System32\KERNEL32.DLL
0x00007ff81d140000 - 0x00007ff81d4e3000 	C:\WINDOWS\System32\KERNELBASE.dll
0x00007ff81cf60000 - 0x00007ff81d071000 	C:\WINDOWS\System32\ucrtbase.dll
0x00007ff811990000 - 0x00007ff8119ab000 	C:\Program Files\Java\jdk-20\bin\VCRUNTIME140.dll
0x00007ff807550000 - 0x00007ff807569000 	C:\Program Files\Java\jdk-20\bin\jli.dll
0x00007ff81f550000 - 0x00007ff81f5fe000 	C:\WINDOWS\System32\ADVAPI32.dll
0x00007ff81dc30000 - 0x00007ff81dcd7000 	C:\WINDOWS\System32\msvcrt.dll
0x00007ff81db80000 - 0x00007ff81dc24000 	C:\WINDOWS\System32\sechost.dll
0x00007ff81f610000 - 0x00007ff81f727000 	C:\WINDOWS\System32\RPCRT4.dll
0x00007ff81ee80000 - 0x00007ff81f02b000 	C:\WINDOWS\System32\USER32.dll
0x00007ff802b40000 - 0x00007ff802dce000 	C:\WINDOWS\WinSxS\amd64_microsoft.windows.common-controls_6595b64144ccf1df_6.0.22621.1635_none_270f70857386168e\COMCTL32.dll
0x00007ff81cda0000 - 0x00007ff81cdc6000 	C:\WINDOWS\System32\win32u.dll
0x00007ff81d610000 - 0x00007ff81d639000 	C:\WINDOWS\System32\GDI32.dll
0x00007ff81d4f0000 - 0x00007ff81d608000 	C:\WINDOWS\System32\gdi32full.dll
0x00007ff81cdd0000 - 0x00007ff81ce6a000 	C:\WINDOWS\System32\msvcp_win.dll
0x00007ff8114b0000 - 0x00007ff8114ba000 	C:\WINDOWS\SYSTEM32\VERSION.dll
0x00007ff81e370000 - 0x00007ff81e3a1000 	C:\WINDOWS\System32\IMM32.DLL
0x00007ff813fc0000 - 0x00007ff813fcc000 	C:\Program Files\Java\jdk-20\bin\vcruntime140_1.dll
0x00007fffdf3f0000 - 0x00007fffdf47e000 	C:\Program Files\Java\jdk-20\bin\msvcp140.dll
0x00007fff8a680000 - 0x00007fff8b317000 	C:\Program Files\Java\jdk-20\bin\server\jvm.dll
0x00007ffffd480000 - 0x00007ffffd489000 	C:\WINDOWS\SYSTEM32\WSOCK32.dll
0x00007ff813f20000 - 0x00007ff813f54000 	C:\WINDOWS\SYSTEM32\WINMM.dll
0x00007ff81f320000 - 0x00007ff81f391000 	C:\WINDOWS\System32\WS2_32.dll
0x00007ff81bd70000 - 0x00007ff81bd88000 	C:\WINDOWS\SYSTEM32\kernel.appcore.dll
0x00007ff807250000 - 0x00007ff80725a000 	C:\Program Files\Java\jdk-20\bin\jimage.dll
0x00007ff80c860000 - 0x00007ff80ca8e000 	C:\WINDOWS\SYSTEM32\DBGHELP.DLL
0x00007ff81d640000 - 0x00007ff81d9c9000 	C:\WINDOWS\System32\combase.dll
0x00007ff81f3a0000 - 0x00007ff81f477000 	C:\WINDOWS\System32\OLEAUT32.dll
0x00007ff811940000 - 0x00007ff811972000 	C:\WINDOWS\SYSTEM32\dbgcore.DLL
0x00007ff81ce70000 - 0x00007ff81ceeb000 	C:\WINDOWS\System32\bcryptPrimitives.dll
0x00007ff815d70000 - 0x00007ff815d7e000 	C:\Program Files\Java\jdk-20\bin\instrument.dll
0x00007ff804670000 - 0x00007ff804696000 	C:\Program Files\Java\jdk-20\bin\java.dll
0x00007fffd89e0000 - 0x00007fffd8ab7000 	C:\Program Files\Java\jdk-20\bin\jsvml.dll
0x00007ff81e430000 - 0x00007ff81ec2a000 	C:\WINDOWS\System32\SHELL32.dll
0x00007ff81ac40000 - 0x00007ff81b50e000 	C:\WINDOWS\SYSTEM32\windows.storage.dll
0x00007ff81ab00000 - 0x00007ff81ac3e000 	C:\WINDOWS\SYSTEM32\wintypes.dll
0x00007ff81f040000 - 0x00007ff81f131000 	C:\WINDOWS\System32\SHCORE.dll
0x00007ff81f740000 - 0x00007ff81f79e000 	C:\WINDOWS\System32\shlwapi.dll
0x00007ff81cb60000 - 0x00007ff81cb81000 	C:\WINDOWS\SYSTEM32\profapi.dll
0x00007ff8030d0000 - 0x00007ff8030e8000 	C:\Program Files\Java\jdk-20\bin\zip.dll
0x00007ff806ab0000 - 0x00007ff806ac3000 	C:\Program Files\Java\jdk-20\bin\net.dll
0x00007ff817140000 - 0x00007ff817277000 	C:\WINDOWS\SYSTEM32\WINHTTP.dll
0x00007ff81c1e0000 - 0x00007ff81c249000 	C:\WINDOWS\system32\mswsock.dll
0x00007ff804520000 - 0x00007ff804536000 	C:\Program Files\Java\jdk-20\bin\nio.dll
0x00007ff807680000 - 0x00007ff80769a000 	C:\Program Files\JetBrains\IntelliJ IDEA Community Edition 2023.1.3\bin\breakgen64.dll
0x00007ff807240000 - 0x00007ff807247000 	C:\Program Files\Java\jdk-20\bin\extnet.dll
0x00007ff81c440000 - 0x00007ff81c45b000 	C:\WINDOWS\SYSTEM32\CRYPTSP.dll
0x00007ff81bce0000 - 0x00007ff81bd15000 	C:\WINDOWS\system32\rsaenh.dll
0x00007ff81c2e0000 - 0x00007ff81c308000 	C:\WINDOWS\SYSTEM32\USERENV.dll
0x00007ff81c600000 - 0x00007ff81c628000 	C:\WINDOWS\SYSTEM32\bcrypt.dll
0x00007ff81c460000 - 0x00007ff81c46c000 	C:\WINDOWS\SYSTEM32\CRYPTBASE.dll
0x00007ff81b7e0000 - 0x00007ff81b80d000 	C:\WINDOWS\SYSTEM32\IPHLPAPI.DLL
0x00007ff81f030000 - 0x00007ff81f039000 	C:\WINDOWS\System32\NSI.dll
0x00007ff8168d0000 - 0x00007ff8168e9000 	C:\WINDOWS\SYSTEM32\dhcpcsvc6.DLL
0x00007ff815070000 - 0x00007ff81508f000 	C:\WINDOWS\SYSTEM32\dhcpcsvc.DLL
0x00007ff81b810000 - 0x00007ff81b903000 	C:\WINDOWS\SYSTEM32\DNSAPI.dll
0x00007ff815d60000 - 0x00007ff815d6e000 	C:\Program Files\Java\jdk-20\bin\sunmscapi.dll
0x00007ff81cc30000 - 0x00007ff81cd97000 	C:\WINDOWS\System32\CRYPT32.dll
0x00007ff81c5d0000 - 0x00007ff81c5fe000 	C:\WINDOWS\SYSTEM32\ncrypt.dll
0x00007ff81c590000 - 0x00007ff81c5c7000 	C:\WINDOWS\SYSTEM32\NTASN1.dll
0x00007ff815d50000 - 0x00007ff815d5a000 	C:\Program Files\Java\jdk-20\bin\management.dll
0x00007ff815ca0000 - 0x00007ff815cab000 	C:\Program Files\Java\jdk-20\bin\management_ext.dll
0x00007ff81f730000 - 0x00007ff81f738000 	C:\WINDOWS\System32\PSAPI.DLL
0x00007ff806a80000 - 0x00007ff806a90000 	C:\Program Files\Java\jdk-20\bin\verify.dll
0x00007ff8168c0000 - 0x00007ff8168ca000 	C:\Windows\System32\rasadhlp.dll
0x00007ff813a70000 - 0x00007ff813af4000 	C:\WINDOWS\System32\fwpuclnt.dll
0x00007ff815de0000 - 0x00007ff815de8000 	C:\WINDOWS\system32\wshunix.dll

dbghelp: loaded successfully - version: 4.0.5 - missing functions: none
symbol engine: initialized successfully - sym options: 0x614 - pdb path: .;C:\Program Files\Java\jdk-20\bin;C:\WINDOWS\SYSTEM32;C:\WINDOWS\WinSxS\amd64_microsoft.windows.common-controls_6595b64144ccf1df_6.0.22621.1635_none_270f70857386168e;C:\Program Files\Java\jdk-20\bin\server;C:\Program Files\JetBrains\IntelliJ IDEA Community Edition 2023.1.3\bin

VM Arguments:
jvm_args: -javaagent:C:\Program Files\JetBrains\IntelliJ IDEA Community Edition 2023.1.3\lib\idea_rt.jar=57527:C:\Program Files\JetBrains\IntelliJ IDEA Community Edition 2023.1.3\bin -Dfile.encoding=UTF-8 -Dsun.stdout.encoding=UTF-8 -Dsun.stderr.encoding=UTF-8 
java_command: com.TaskManager.TaskManager.TaskManagerApplication
java_class_path (initial): C:\Users\91887\Desktop\interview\Task-Manager\target\classes;C:\Users\91887\.m2\repository\org\springframework\boot\spring-boot-starter-data-jpa\3.1.1\spring-boot-starter-data-jpa-3.1.1.jar;C:\Users\91887\.m2\repository\org\springframework\boot\spring-boot-starter-aop\3.1.1\spring-boot-starter-aop-3.1.1.jar;C:\Users\91887\.m2\repository\org\springframework\spring-aop\6.0.10\spring-aop-6.0.10.jar;C:\Users\91887\.m2\repository\org\aspectj\aspectjweaver\1.9.19\aspectjweaver-1.9.19.jar;C:\Users\91887\.m2\repository\org\springframework\boot\spring-boot-starter-jdbc\3.1.1\spring-boot-starter-jdbc-3.1.1.jar;C:\Users\91887\.m2\repository\com\zaxxer\HikariCP\5.0.1\HikariCP-5.0.1.jar;C:\Users\91887\.m2\repository\org\springframework\spring-jdbc\6.0.10\spring-jdbc-6.0.10.jar;C:\Users\91887\.m2\repository\org\hibernate\orm\hibernate-core\6.2.5.Final\hibernate-core-6.2.5.Final.jar;C:\Users\91887\.m2\repository\jakarta\persistence\jakarta.persistence-api\3.1.0\jakarta.persistence-api-3.1.0.jar;C:\Users\91887\.m2\repository\jakarta\transaction\jakarta.transaction-api\2.0.1\jakarta.transaction-api-2.0.1.jar;C:\Users\91887\.m2\repository\org\jboss\logging\jboss-logging\3.5.1.Final\jboss-logging-3.5.1.Final.jar;C:\Users\91887\.m2\repository\org\hibernate\common\hibernate-commons-annotations\6.0.6.Final\hibernate-commons-annotations-6.0.6.Final.jar;C:\Users\91887\.m2\repository\io\smallrye\jandex\3.0.5\jandex-3.0.5.jar;C:\Users\91887\.m2\repository\com\fasterxml\classmate\1.5.1\classmate-1.5.1.jar;C:\Users\91887\.m2\repository\net\bytebuddy\byte-buddy\1.14.5\byte-buddy-1.14.5.jar;C:\Users\91887\.m2\repository\org\glassfish\jaxb\jaxb-runtime\4.0.3\jaxb-runtime-4.0.3.jar;C:\Users\91887\.m2\repository\org\glassfish\jaxb\jaxb-core\4.0.3\jaxb-core-4.0.3.jar;C:\Users\91887\.m2\repository\org\eclipse\angus\angus-activation\2.0.1\angus-activation-2.0.1.jar;C:\Users\91887\.m2\repository\org\glassfish\jaxb\txw2\4.0.3\txw2-4.0.3.jar;C:\Users\91887\.m2\repository\com\sun\istack\istack-commons-runtime\4.1.2\istack-commons-runtime-4.1.2.jar;C:\Users\91887\.m2\repository\jakarta\inject\jakarta.inject-api\2.0.1\jakarta.inject-api-2.0.1.jar;C:\Users\91887\.m2\repository\org\antlr\antlr4-runtime\4.10.1\antlr4-runtime-4.10.1.jar;C:\Users\91887\.m2\repository\org\springframework\data\spring-data-jpa\3.1.1\spring-data-jpa-3.1.1.jar;C:\Users\91887\.m2\repository\org\springframework\data\spring-data-commons\3.1.1\spring-data-commons-3.1.1.jar;C:\Users\91887\.m2\repository\org\springframework\spring-orm\6.0.10\spring-orm-6.0.10.jar;C:\Users\91887\.m2\repository\org\springframework\spring-context\6.0.10\spring-context-6.0.10.jar;C:\Users\91887\.m2\repository\org\springframework\spring-tx\6.0.10\spring-tx-6.0.10.jar;C:\Users\91887\.m2\repository\org\springframework\spring-beans\6.0.10\spring-beans-6.0.10.jar;C:\Users\91887\.m2\repository\jakarta\annotation\jakarta.annotation-api\2.1.1\jakarta.annotation-api-2.1.1.jar;C:\Users\91887\.m2\repository\org\slf4j\slf4j-api\2.0.7\slf4j-api-2.0.7.jar;C:\Users\91887\.m2\repository\org\springframework\spring-aspects\6.0.10\spring-aspects-6.0.10.jar;C:\Users\91887\.m2\repository\org\springframework\boot\spring-boot-starter-web\3.1.1\spring-boot-starter-web-3.1.1.jar;C:\Users\91887\.m2\repository\org\springframework\boot\spring-boot-starter\3.1.1\spring-boot-starter-3.1.1.jar;C:\Users\91887\.m2\repository\org\springframework\boot\spring-boot\3.1.1\spring-boot-3.1.1.jar;C:\Users\91887\.m2\repository\org\springframework\boot\spring-boot-autoconfigure\3.1.1\spring-boot-autoconfigure-3.1.1.jar;C:\Users\91887\.m2\repository\org\springframework\boot\spring-boot-starter-logging\3.1.1\spring-boot-starter-logging-3.1.1.jar;C:\Users\91887\.m2\repository\ch\qos\logback\logback-classic\1.4.8\logback-classic-1.4.8.jar;C:\Users\91887\.m2\repository\ch\qos\logback\logback-core\1.4.8\logback-core-1.4.8.jar;C:\Users\91887\.m2\repository\org\apache\logging\log4j\log4j-to-slf4j\2.20.0\log4j-to-slf4j-2.20.0.jar;C:\Users\91887\.m2\repository\org\apache\logging\log4j\log4j-api\2.20.0\log4j-api-2.20.0.jar;C:\Users\91887\.m2\repository\org\slf4j\jul-to-slf4j\2.0.7\jul-to-slf4j-2.0.7.jar;C:\Users\91887\.m2\repository\org\yaml\snakeyaml\1.33\snakeyaml-1.33.jar;C:\Users\91887\.m2\repository\org\springframework\boot\spring-boot-starter-json\3.1.1\spring-boot-starter-json-3.1.1.jar;C:\Users\91887\.m2\repository\com\fasterxml\jackson\core\jackson-databind\2.15.2\jackson-databind-2.15.2.jar;C:\Users\91887\.m2\repository\com\fasterxml\jackson\core\jackson-annotations\2.15.2\jackson-annotations-2.15.2.jar;C:\Users\91887\.m2\repository\com\fasterxml\jackson\core\jackson-core\2.15.2\jackson-core-2.15.2.jar;C:\Users\91887\.m2\repository\com\fasterxml\jackson\datatype\jackson-datatype-jdk8\2.15.2\jackson-datatype-jdk8-2.15.2.jar;C:\Users\91887\.m2\repository\com\fasterxml\jackson\datatype\jackson-datatype-jsr310\2.15.2\jackson-datatype-jsr310-2.15.2.jar;C:\Users\91887\.m2\repository\com\fasterxml\jackson\module\jackson-module-parameter-names\2.15.2\jackson-module-parameter-names-2.15.2.jar;C:\Users\91887\.m2\repository\org\springframework\boot\spring-boot-starter-tomcat\3.1.1\spring-boot-starter-tomcat-3.1.1.jar;C:\Users\91887\.m2\repository\org\apache\tomcat\embed\tomcat-embed-core\10.1.10\tomcat-embed-core-10.1.10.jar;C:\Users\91887\.m2\repository\org\apache\tomcat\embed\tomcat-embed-el\10.1.10\tomcat-embed-el-10.1.10.jar;C:\Users\91887\.m2\repository\org\apache\tomcat\embed\tomcat-embed-websocket\10.1.10\tomcat-embed-websocket-10.1.10.jar;C:\Users\91887\.m2\repository\org\springframework\spring-web\6.0.10\spring-web-6.0.10.jar;C:\Users\91887\.m2\repository\io\micrometer\micrometer-observation\1.11.1\micrometer-observation-1.11.1.jar;C:\Users\91887\.m2\repository\io\micrometer\micrometer-commons\1.11.1\micrometer-commons-1.11.1.jar;C:\Users\91887\.m2\repository\org\springframework\spring-webmvc\6.0.10\spring-webmvc-6.0.10.jar;C:\Users\91887\.m2\repository\org\springframework\spring-expression\6.0.10\spring-expression-6.0.10.jar;C:\Users\91887\.m2\repository\jakarta\xml\bind\jakarta.xml.bind-api\4.0.0\jakarta.xml.bind-api-4.0.0.jar;C:\Users\91887\.m2\repository\jakarta\activation\jakarta.activation-api\2.1.2\jakarta.activation-api-2.1.2.jar;C:\Users\91887\.m2\repository\org\springframework\spring-core\6.0.10\spring-core-6.0.10.jar;C:\Users\91887\.m2\repository\org\springframework\spring-jcl\6.0.10\spring-jcl-6.0.10.jar;C:\Users\91887\.m2\repository\org\postgresql\postgresql\42.6.0\postgresql-42.6.0.jar;C:\Users\91887\.m2\repository\org\checkerframework\checker-qual\3.31.0\checker-qual-3.31.0.jar;C:\Users\91887\.m2\repository\org\mindrot\jbcrypt\0.4\jbcrypt-0.4.jar;C:\Users\91887\.m2\repository\com\nimbusds\nimbus-jose-jwt\9.12\nimbus-jose-jwt-9.12.jar;C:\Users\91887\.m2\repository\com\github\stephenc\jcip\jcip-annotations\1.0-1\jcip-annotations-1.0-1.jar;C:\Users\91887\.m2\repository\org\mongodb\mongodb-driver-sync\4.9.1\mongodb-driver-sync-4.9.1.jar;C:\Users\91887\.m2\repository\org\mongodb\bson\4.9.1\bson-4.9.1.jar;C:\Users\91887\.m2\repository\org\mongodb\mongodb-driver-core\4.9.1\mongodb-driver-core-4.9.1.jar;C:\Users\91887\.m2\repository\org\mongodb\bson-record-codec\4.9.1\bson-record-codec-4.9.1.jar;C:\Users\91887\.m2\repository\org\springframework\boot\spring-boot-starter-data-mongodb\3.1.1\spring-boot-starter-data-mongodb-3.1.1.jar;C:\Users\91887\.m2\repository\org\springframework\data\spring-data-mongodb\4.1.1\spring-data-mongodb-4.1.1.jar
Launcher Type: SUN_STANDARD

[Global flags]
     intx CICompilerCount                          = 4                                         {product} {ergonomic}
     uint ConcGCThreads                            = 2                                         {product} {ergonomic}
     uint G1ConcRefinementThreads                  = 8                                         {product} {ergonomic}
   size_t G1HeapRegionSize                         = 1048576                                   {product} {ergonomic}
    uintx GCDrainStackTargetSize                   = 64                                        {product} {ergonomic}
   size_t InitialHeapSize                          = 130023424                                 {product} {ergonomic}
   size_t MarkStackSize                            = 4194304                                   {product} {ergonomic}
   size_t MaxHeapSize                              = 2069889024                                {product} {ergonomic}
   size_t MaxNewSize                               = 1241513984                                {product} {ergonomic}
   size_t MinHeapDeltaBytes                        = 1048576                                   {product} {ergonomic}
   size_t MinHeapSize                              = 8388608                                   {product} {ergonomic}
    uintx NonNMethodCodeHeapSize                   = 5839372                                {pd product} {ergonomic}
    uintx NonProfiledCodeHeapSize                  = 122909434                              {pd product} {ergonomic}
    uintx ProfiledCodeHeapSize                     = 122909434                              {pd product} {ergonomic}
    uintx ReservedCodeCacheSize                    = 251658240                              {pd product} {ergonomic}
     bool SegmentedCodeCache                       = true                                      {product} {ergonomic}
   size_t SoftMaxHeapSize                          = 2069889024                             {manageable} {ergonomic}
     bool UseCompressedClassPointers               = true                           {product lp64_product} {ergonomic}
     bool UseCompressedOops                        = true                           {product lp64_product} {ergonomic}
     bool UseG1GC                                  = true                                      {product} {ergonomic}
     bool UseLargePagesIndividualAllocation        = false                                  {pd product} {ergonomic}

Logging:
Log output configuration:
 #0: stdout all=warning uptime,level,tags foldmultilines=false
 #1: stderr all=off uptime,level,tags foldmultilines=false

Environment Variables:
PATH=C:\Program Files\Common Files\Oracle\Java\javapath;C:\Program Files (x86)\Common Files\Oracle\Java\javapath;C:\WINDOWS\system32;C:\WINDOWS;C:\WINDOWS\System32\Wbem;C:\WINDOWS\System32\WindowsPowerShell\v1.0\;C:\WINDOWS\System32\OpenSSH\;C:\Program Files\nodejs\;C:\Program Files (x86)\Git\cmd;C:\ProgramData\chocolatey\bin;C:\Program Files\PostgreSQL\15\bin;C:\Users\91887\AppData\Local\Programs\Python\Python311\Scripts\;C:\Users\91887\AppData\Local\Programs\Python\Python311\;C:\Users\91887\AppData\Local\Microsoft\WindowsApps;;C:\Users\91887\AppData\Local\Programs\Microsoft VS Code\bin;C:\Users\91887\AppData\Roaming\npm
USERNAME=91887
OS=Windows_NT
PROCESSOR_IDENTIFIER=Intel64 Family 6 Model 140 Stepping 1, GenuineIntel
TMP=C:\Users\91887\AppData\Local\Temp
TEMP=C:\Users\91887\AppData\Local\Temp




---------------  S Y S T E M  ---------------

OS:
 Windows 11 , 64 bit Build 22621 (10.0.22621.1635)
OS uptime: 3 days 9:02 hours

CPU: total 8 (initial active 8) (4 cores per cpu, 2 threads per core) family 6 model 140 stepping 1 microcode 0x9a, cx8, cmov, fxsr, ht, mmx, 3dnowpref, sse, sse2, sse3, ssse3, sse4.1, sse4.2, popcnt, lzcnt, tsc, tscinvbit, avx, avx2, aes, erms, clmul, bmi1, bmi2, adx, avx512f, avx512dq, avx512cd, avx512bw, avx512vl, sha, fma, vzeroupper, avx512_vpopcntdq, avx512_vpclmulqdq, avx512_vaes, avx512_vnni, clflush, clflushopt, clwb, avx512_vbmi2, avx512_vbmi, rdtscp, rdpid, fsrm, gfni, avx512_bitalg, f16c, pku, cet_ibt, cet_ss, avx512_ifma

Memory: 4k page, system-wide physical 7888M (405M free)
TotalPageFile size 32464M (AvailPageFile size 3M)
current process WorkingSet (physical memory assigned to process): 251M, peak: 284M
current process commit charge ("private bytes"): 316M, peak: 350M

vm_info: Java HotSpot(TM) 64-Bit Server VM (20.0.1+9-29) for windows-amd64 JRE (20.0.1+9-29), built on 2023-03-07T13:56:11Z by "mach5one" with MS VC++ 17.1 (VS2022)

END.
